<?xml version="1.0" encoding="UTF-8"?>
<!-- Generated by org.testng.reporters.JUnitXMLReporter -->
<testsuite hostname="Avneet" name="Default test" tests="3" failures="0" timestamp="28 Jan 2018 15:41:31 GMT" time="74.579" errors="0">
  <testcase name="loginPageTitleTest" time="0.458" classname="com.crm.qa.testcases.LoginPageTest"/>
  <testcase name="crmLogoImageTest" time="1.035" classname="com.crm.qa.testcases.LoginPageTest"/>
  <testcase name="loginTest" time="12.274" classname="com.crm.qa.testcases.LoginPageTest"/>
</testsuite> <!-- Default test -->
