<?xml version="1.0" encoding="UTF-8"?>
<!-- Generated by org.testng.reporters.JUnitXMLReporter -->
<testsuite hostname="Avneet" name="Default test" tests="3" failures="0" timestamp="28 Jan 2018 17:21:51 GMT" time="61.717" errors="0">
  <testcase name="loginPageTitleTest" time="0.324" classname="com.crm.qa.testcases.LoginPageTest"/>
  <testcase name="crmLogoImageTest" time="0.417" classname="com.crm.qa.testcases.LoginPageTest"/>
  <testcase name="loginTest" time="13.647" classname="com.crm.qa.testcases.LoginPageTest"/>
</testsuite> <!-- Default test -->
