<?xml version="1.0" encoding="UTF-8"?>
<testng-results skipped="0" failed="0" total="3" passed="3">
  <reporter-output>
  </reporter-output>
  <suite name="Default suite" duration-ms="61717" started-at="२०१८-०१-२८T१७:२०:४९Z" finished-at="२०१८-०१-२८T१७:२१:५१Z">
    <groups>
    </groups>
    <test name="Default test" duration-ms="61717" started-at="२०१८-०१-२८T१७:२०:४९Z" finished-at="२०१८-०१-२८T१७:२१:५१Z">
      <class name="com.crm.qa.testcases.LoginPageTest">
        <test-method status="PASS" signature="setUp()[pri:0, instance:com.crm.qa.testcases.LoginPageTest@1d057a39]" name="setUp" is-config="true" duration-ms="18583" started-at="२०१८-०१-२८T२२:५०:४९Z" finished-at="२०१८-०१-२८T२२:५१:०८Z">
          <reporter-output>
          </reporter-output>
        </test-method> <!-- setUp -->
        <test-method status="PASS" signature="loginPageTitleTest()[pri:0, instance:com.crm.qa.testcases.LoginPageTest@1d057a39]" name="loginPageTitleTest" duration-ms="324" started-at="२०१८-०१-२८T२२:५१:०८Z" finished-at="२०१८-०१-२८T२२:५१:०८Z">
          <reporter-output>
          </reporter-output>
        </test-method> <!-- loginPageTitleTest -->
        <test-method status="PASS" signature="tearDown()[pri:0, instance:com.crm.qa.testcases.LoginPageTest@1d057a39]" name="tearDown" is-config="true" duration-ms="1416" started-at="२०१८-०१-२८T२२:५१:०८Z" finished-at="२०१८-०१-२८T२२:५१:१०Z">
          <reporter-output>
          </reporter-output>
        </test-method> <!-- tearDown -->
        <test-method status="PASS" signature="setUp()[pri:0, instance:com.crm.qa.testcases.LoginPageTest@1d057a39]" name="setUp" is-config="true" duration-ms="12452" started-at="२०१८-०१-२८T२२:५१:१०Z" finished-at="२०१८-०१-२८T२२:५१:२२Z">
          <reporter-output>
          </reporter-output>
        </test-method> <!-- setUp -->
        <test-method status="PASS" signature="crmLogoImageTest()[pri:0, instance:com.crm.qa.testcases.LoginPageTest@1d057a39]" name="crmLogoImageTest" duration-ms="417" started-at="२०१८-०१-२८T२२:५१:२२Z" finished-at="२०१८-०१-२८T२२:५१:२२Z">
          <reporter-output>
          </reporter-output>
        </test-method> <!-- crmLogoImageTest -->
        <test-method status="PASS" signature="tearDown()[pri:0, instance:com.crm.qa.testcases.LoginPageTest@1d057a39]" name="tearDown" is-config="true" duration-ms="715" started-at="२०१८-०१-२८T२२:५१:२२Z" finished-at="२०१८-०१-२८T२२:५१:२३Z">
          <reporter-output>
          </reporter-output>
        </test-method> <!-- tearDown -->
        <test-method status="PASS" signature="setUp()[pri:0, instance:com.crm.qa.testcases.LoginPageTest@1d057a39]" name="setUp" is-config="true" duration-ms="13378" started-at="२०१८-०१-२८T२२:५१:२३Z" finished-at="२०१८-०१-२८T२२:५१:३६Z">
          <reporter-output>
          </reporter-output>
        </test-method> <!-- setUp -->
        <test-method status="PASS" signature="loginTest()[pri:0, instance:com.crm.qa.testcases.LoginPageTest@1d057a39]" name="loginTest" duration-ms="13647" started-at="२०१८-०१-२८T२२:५१:३६Z" finished-at="२०१८-०१-२८T२२:५१:५०Z">
          <reporter-output>
          </reporter-output>
        </test-method> <!-- loginTest -->
        <test-method status="PASS" signature="tearDown()[pri:0, instance:com.crm.qa.testcases.LoginPageTest@1d057a39]" name="tearDown" is-config="true" duration-ms="750" started-at="२०१८-०१-२८T२२:५१:५०Z" finished-at="२०१८-०१-२८T२२:५१:५१Z">
          <reporter-output>
          </reporter-output>
        </test-method> <!-- tearDown -->
      </class> <!-- com.crm.qa.testcases.LoginPageTest -->
    </test> <!-- Default test -->
  </suite> <!-- Default suite -->
</testng-results>
