<?xml version="1.0" encoding="UTF-8"?>
<testng-results skipped="0" failed="0" total="3" passed="3">
  <reporter-output>
  </reporter-output>
  <suite name="Default suite" duration-ms="74579" started-at="२०१८-०१-२८T१५:४०:१६Z" finished-at="२०१८-०१-२८T१५:४१:३१Z">
    <groups>
    </groups>
    <test name="Default test" duration-ms="74579" started-at="२०१८-०१-२८T१५:४०:१६Z" finished-at="२०१८-०१-२८T१५:४१:३१Z">
      <class name="com.crm.qa.testcases.LoginPageTest">
        <test-method status="PASS" signature="setUp()[pri:0, instance:com.crm.qa.testcases.LoginPageTest@1d057a39]" name="setUp" is-config="true" duration-ms="14572" started-at="२०१८-०१-२८T२१:१०:१६Z" finished-at="२०१८-०१-२८T२१:१०:३१Z">
          <reporter-output>
          </reporter-output>
        </test-method> <!-- setUp -->
        <test-method status="PASS" signature="loginPageTitleTest()[pri:0, instance:com.crm.qa.testcases.LoginPageTest@1d057a39]" name="loginPageTitleTest" duration-ms="458" started-at="२०१८-०१-२८T२१:१०:३१Z" finished-at="२०१८-०१-२८T२१:१०:३१Z">
          <reporter-output>
          </reporter-output>
        </test-method> <!-- loginPageTitleTest -->
        <test-method status="PASS" signature="tearDown()[pri:0, instance:com.crm.qa.testcases.LoginPageTest@1d057a39]" name="tearDown" is-config="true" duration-ms="680" started-at="२०१८-०१-२८T२१:१०:३१Z" finished-at="२०१८-०१-२८T२१:१०:३२Z">
          <reporter-output>
          </reporter-output>
        </test-method> <!-- tearDown -->
        <test-method status="PASS" signature="setUp()[pri:0, instance:com.crm.qa.testcases.LoginPageTest@1d057a39]" name="setUp" is-config="true" duration-ms="29001" started-at="२०१८-०१-२८T२१:१०:३२Z" finished-at="२०१८-०१-२८T२१:११:०१Z">
          <reporter-output>
          </reporter-output>
        </test-method> <!-- setUp -->
        <test-method status="PASS" signature="crmLogoImageTest()[pri:0, instance:com.crm.qa.testcases.LoginPageTest@1d057a39]" name="crmLogoImageTest" duration-ms="1035" started-at="२०१८-०१-२८T२१:११:०१Z" finished-at="२०१८-०१-२८T२१:११:०२Z">
          <reporter-output>
          </reporter-output>
        </test-method> <!-- crmLogoImageTest -->
        <test-method status="PASS" signature="tearDown()[pri:0, instance:com.crm.qa.testcases.LoginPageTest@1d057a39]" name="tearDown" is-config="true" duration-ms="560" started-at="२०१८-०१-२८T२१:११:०२Z" finished-at="२०१८-०१-२८T२१:११:०३Z">
          <reporter-output>
          </reporter-output>
        </test-method> <!-- tearDown -->
        <test-method status="PASS" signature="setUp()[pri:0, instance:com.crm.qa.testcases.LoginPageTest@1d057a39]" name="setUp" is-config="true" duration-ms="15387" started-at="२०१८-०१-२८T२१:११:०३Z" finished-at="२०१८-०१-२८T२१:११:१८Z">
          <reporter-output>
          </reporter-output>
        </test-method> <!-- setUp -->
        <test-method status="PASS" signature="loginTest()[pri:0, instance:com.crm.qa.testcases.LoginPageTest@1d057a39]" name="loginTest" duration-ms="12274" started-at="२०१८-०१-२८T२१:११:१८Z" finished-at="२०१८-०१-२८T२१:११:३०Z">
          <reporter-output>
          </reporter-output>
        </test-method> <!-- loginTest -->
        <test-method status="PASS" signature="tearDown()[pri:0, instance:com.crm.qa.testcases.LoginPageTest@1d057a39]" name="tearDown" is-config="true" duration-ms="580" started-at="२०१८-०१-२८T२१:११:३०Z" finished-at="२०१८-०१-२८T२१:११:३१Z">
          <reporter-output>
          </reporter-output>
        </test-method> <!-- tearDown -->
      </class> <!-- com.crm.qa.testcases.LoginPageTest -->
    </test> <!-- Default test -->
  </suite> <!-- Default suite -->
</testng-results>
